<?xml version="1.0" encoding="UTF-8"?>
<testsuite xmlns:xsi="http://www.w3.org/2001/XMLSchema-instance" xsi:noNamespaceSchemaLocation="https://maven.apache.org/surefire/maven-surefire-plugin/xsd/surefire-test-report.xsd" name="com.dagor.control1.AppTest" time="0.049" tests="3" errors="1" skipped="0" failures="0">
  <properties>
[...]
</properties>
  <testcase name="testPriceMatricula" classname="com.dagor.control1.AppTest" time="0.007"/>
  <testcase name="testCalculateImport" classname="com.dagor.control1.AppTest" time="0.034">
    <error type="java.lang.ExceptionInInitializerError">java.lang.ExceptionInInitializerError
	at com.dagor.control1.AppTest.testCalculateImport(AppTest.java:44)
Caused by: java.lang.reflect.InaccessibleObjectException: Unable to make protected final java.lang.Class java.lang.ClassLoader.defineClass(java.lang.String,byte[],int,int,java.security.ProtectionDomain) throws java.lang.ClassFormatError accessible: module java.base does not "opens java.lang" to unnamed module @8909f18
	at com.dagor.control1.AppTest.testCalculateImport(AppTest.java:44)
</error>
  </testcase>
  <testcase name="testNullVector" classname="com.dagor.control1.AppTest" time="0"/>
</testsuite>